
========================================================================
402.534.948: Begin: 5/4/2015 5:10 PM 43.382s
402.539.0: taskhostw.exe
402.543.0: GMT - 4.00
2005.228.0: certca.dll: 10.0.10074.0 retail
2005.228.0: certenroll.dll: 10.0.10074.0 retail
2004.622.0:<2015/5/4, 17:10:43>: 0x80070005 (WIN32: 5 ERROR_ACCESS_DENIED)
402.379.949: End: 5/4/2015 5:11 PM 16.134s

========================================================================
402.534.948: Begin: 5/5/2015 1:10 AM 43.099s
402.539.0: taskhostw.exe
402.543.0: GMT - 4.00
2005.228.0: certca.dll: 10.0.10074.0 retail
2005.228.0: certenroll.dll: 10.0.10074.0 retail
2004.622.0:<2015/5/5, 1:10:43>: 0x80070005 (WIN32: 5 ERROR_ACCESS_DENIED)
402.379.949: End: 5/5/2015 1:10 AM 43.115s

========================================================================
402.534.948: Begin: 5/5/2015 1:04 PM 26.267s
402.539.0: taskhostw.exe
402.543.0: GMT - 4.00
2005.228.0: certca.dll: 10.0.10074.0 retail
2005.228.0: certenroll.dll: 10.0.10074.0 retail
2004.622.0:<2015/5/5, 13:04:26>: 0x80070005 (WIN32: 5 ERROR_ACCESS_DENIED)
402.379.949: End: 5/5/2015 1:04 PM 26.298s

========================================================================
402.534.948: Begin: 5/5/2015 9:04 PM 20.644s
402.539.0: taskhostw.exe
402.543.0: GMT - 4.00
2005.228.0: certca.dll: 10.0.10074.0 retail
2005.228.0: certenroll.dll: 10.0.10074.0 retail
2004.622.0:<2015/5/5, 21:04:20>: 0x80070005 (WIN32: 5 ERROR_ACCESS_DENIED)
402.379.949: End: 5/5/2015 9:04 PM 20.644s

========================================================================
402.534.948: Begin: 5/6/2015 1:31 PM 26.851s
402.539.0: taskhostw.exe
402.543.0: GMT - 4.00
2005.228.0: certca.dll: 10.0.10074.0 retail
2005.228.0: certenroll.dll: 10.0.10074.0 retail
2004.622.0:<2015/5/6, 13:31:26>: 0x80070005 (WIN32: 5 ERROR_ACCESS_DENIED)
402.379.949: End: 5/6/2015 1:31 PM 26.851s

========================================================================
402.534.948: Begin: 5/6/2015 9:31 PM 23.624s
402.539.0: taskhostw.exe
402.543.0: GMT - 4.00
2005.228.0: certca.dll: 10.0.10074.0 retail
2005.228.0: certenroll.dll: 10.0.10074.0 retail
2004.622.0:<2015/5/6, 21:31:23>: 0x80070005 (WIN32: 5 ERROR_ACCESS_DENIED)
402.379.949: End: 5/6/2015 9:31 PM 23.631s

========================================================================
402.534.948: Begin: 5/6/2015 9:58 PM 32.730s
402.539.0: taskhostw.exe
402.543.0: GMT - 4.00
2005.228.0: certca.dll: 10.0.10074.0 retail
2005.228.0: certenroll.dll: 10.0.10074.0 retail
2004.622.0:<2015/5/6, 21:58:43>: 0x80070005 (WIN32: 5 ERROR_ACCESS_DENIED)
402.379.949: End: 5/6/2015 9:58 PM 45.891s

========================================================================
402.534.948: Begin: 5/7/2015 12:36 PM 35.249s
402.539.0: taskhostw.exe
402.543.0: GMT - 4.00
2005.228.0: certca.dll: 10.0.10074.0 retail
2005.228.0: certenroll.dll: 10.0.10074.0 retail
2004.622.0:<2015/5/7, 12:36:36>: 0x80070005 (WIN32: 5 ERROR_ACCESS_DENIED)
402.379.949: End: 5/7/2015 12:36 PM 37.085s

========================================================================
402.534.948: Begin: 5/7/2015 8:36 PM 31.636s
402.539.0: taskhostw.exe
402.543.0: GMT - 4.00
2005.228.0: certca.dll: 10.0.10074.0 retail
2005.228.0: certenroll.dll: 10.0.10074.0 retail
2004.622.0:<2015/5/7, 20:36:31>: 0x80070005 (WIN32: 5 ERROR_ACCESS_DENIED)
402.379.949: End: 5/7/2015 8:36 PM 31.703s

========================================================================
402.534.948: Begin: 5/8/2015 8:54 PM 08.655s
402.539.0: taskhostw.exe
402.543.0: GMT - 4.00
2005.228.0: certca.dll: 10.0.10074.0 retail
2005.228.0: certenroll.dll: 10.0.10074.0 retail
2004.622.0:<2015/5/8, 20:54:08>: 0x80070005 (WIN32: 5 ERROR_ACCESS_DENIED)
402.379.949: End: 5/8/2015 8:54 PM 08.741s

========================================================================
402.534.948: Begin: 5/9/2015 2:54 AM 50.130s
402.539.0: taskhostw.exe
402.543.0: GMT - 4.00
2005.228.0: certca.dll: 10.0.10074.0 retail
2005.228.0: certenroll.dll: 10.0.10074.0 retail
2004.622.0:<2015/5/9, 2:54:51>: 0x80070005 (WIN32: 5 ERROR_ACCESS_DENIED)
402.379.949: End: 5/9/2015 2:54 AM 52.052s

========================================================================
402.534.948: Begin: 5/9/2015 12:33 PM 22.558s
402.539.0: taskhostw.exe
402.543.0: GMT - 4.00
2005.228.0: certca.dll: 10.0.10074.0 retail
2005.228.0: certenroll.dll: 10.0.10074.0 retail
2004.622.0:<2015/5/9, 12:33:22>: 0x80070005 (WIN32: 5 ERROR_ACCESS_DENIED)
402.379.949: End: 5/9/2015 12:33 PM 23.362s

========================================================================
402.534.948: Begin: 5/9/2015 8:33 PM 15.638s
402.539.0: taskhostw.exe
402.543.0: GMT - 4.00
2005.228.0: certca.dll: 10.0.10074.0 retail
2005.228.0: certenroll.dll: 10.0.10074.0 retail
2004.622.0:<2015/5/9, 20:33:15>: 0x80070005 (WIN32: 5 ERROR_ACCESS_DENIED)
402.379.949: End: 5/9/2015 8:33 PM 15.659s

========================================================================
402.534.948: Begin: 5/10/2015 11:40 AM 53.155s
402.539.0: taskhostw.exe
402.543.0: GMT - 4.00
2005.228.0: certca.dll: 10.0.10074.0 retail
2005.228.0: certenroll.dll: 10.0.10074.0 retail
2004.622.0:<2015/5/10, 11:40:54>: 0x80070005 (WIN32: 5 ERROR_ACCESS_DENIED)
402.379.949: End: 5/10/2015 11:40 AM 55.637s

========================================================================
402.534.948: Begin: 5/10/2015 7:40 PM 22.808s
402.539.0: taskhostw.exe
402.543.0: GMT - 4.00
2005.228.0: certca.dll: 10.0.10074.0 retail
2005.228.0: certenroll.dll: 10.0.10074.0 retail
2004.622.0:<2015/5/10, 19:40:37>: 0x80070005 (WIN32: 5 ERROR_ACCESS_DENIED)
402.379.949: End: 5/10/2015 7:41 PM 04.154s

========================================================================
402.534.948: Begin: 5/11/2015 11:38 AM 08.963s
402.539.0: taskhostw.exe
402.543.0: GMT - 4.00
2005.228.0: certca.dll: 10.0.10074.0 retail
2005.228.0: certenroll.dll: 10.0.10074.0 retail
2004.622.0:<2015/5/11, 11:38:08>: 0x80070005 (WIN32: 5 ERROR_ACCESS_DENIED)
402.379.949: End: 5/11/2015 11:38 AM 08.963s

========================================================================
402.534.948: Begin: 5/11/2015 10:36 PM 49.108s
402.539.0: taskhostw.exe
402.543.0: GMT - 4.00
2005.228.0: certca.dll: 10.0.10074.0 retail
2005.228.0: certenroll.dll: 10.0.10074.0 retail
2004.622.0:<2015/5/11, 22:36:49>: 0x80070005 (WIN32: 5 ERROR_ACCESS_DENIED)
402.379.949: End: 5/11/2015 10:36 PM 49.139s

========================================================================
402.534.948: Begin: 5/12/2015 11:40 AM 29.460s
402.539.0: taskhostw.exe
402.543.0: GMT - 4.00
2005.228.0: certca.dll: 10.0.10074.0 retail
2005.228.0: certenroll.dll: 10.0.10074.0 retail
2004.622.0:<2015/5/12, 11:40:59>: 0x80070005 (WIN32: 5 ERROR_ACCESS_DENIED)
402.379.949: End: 5/12/2015 11:41 AM 28.874s

========================================================================
402.534.948: Begin: 5/12/2015 7:40 PM 29.881s
402.539.0: taskhostw.exe
402.543.0: GMT - 4.00
2005.228.0: certca.dll: 10.0.10074.0 retail
2005.228.0: certenroll.dll: 10.0.10074.0 retail
2004.622.0:<2015/5/12, 19:40:29>: 0x80070005 (WIN32: 5 ERROR_ACCESS_DENIED)
402.379.949: End: 5/12/2015 7:40 PM 29.927s

========================================================================
402.534.948: Begin: 5/13/2015 2:25 PM 36.833s
402.539.0: taskhostw.exe
402.543.0: GMT - 4.00
2005.228.0: certca.dll: 10.0.10074.0 retail
2005.228.0: certenroll.dll: 10.0.10074.0 retail
2004.622.0:<2015/5/13, 14:25:37>: 0x80070005 (WIN32: 5 ERROR_ACCESS_DENIED)
402.379.949: End: 5/13/2015 2:25 PM 39.658s

========================================================================
402.534.948: Begin: 5/13/2015 5:08 PM 42.909s
402.539.0: taskhostw.exe
402.543.0: GMT - 4.00
2005.228.0: certca.dll: 10.0.10074.0 retail
2005.228.0: certenroll.dll: 10.0.10074.0 retail
2004.622.0:<2015/5/13, 17:09:21>: 0x80070005 (WIN32: 5 ERROR_ACCESS_DENIED)
402.379.949: End: 5/13/2015 5:09 PM 42.243s

========================================================================
402.534.948: Begin: 5/13/2015 5:22 PM 20.549s
402.539.0: taskhostw.exe
402.543.0: GMT - 4.00
2005.228.0: certca.dll: 10.0.10074.0 retail
2005.228.0: certenroll.dll: 10.0.10074.0 retail
2004.622.0:<2015/5/13, 17:22:21>: 0x80070005 (WIN32: 5 ERROR_ACCESS_DENIED)
402.379.949: End: 5/13/2015 5:22 PM 22.034s

========================================================================
402.534.948: Begin: 5/14/2015 1:21 AM 20.792s
402.539.0: taskhostw.exe
402.543.0: GMT - 4.00
2005.228.0: certca.dll: 10.0.10074.0 retail
2005.228.0: certenroll.dll: 10.0.10074.0 retail
2004.622.0:<2015/5/14, 1:21:20>: 0x80070005 (WIN32: 5 ERROR_ACCESS_DENIED)
402.379.949: End: 5/14/2015 1:21 AM 20.883s

========================================================================
402.534.948: Begin: 5/14/2015 12:14 PM 10.113s
402.539.0: taskhostw.exe
402.543.0: GMT - 4.00
2005.228.0: certca.dll: 10.0.10074.0 retail
2005.228.0: certenroll.dll: 10.0.10074.0 retail
2004.622.0:<2015/5/14, 12:14:10>: 0x80070005 (WIN32: 5 ERROR_ACCESS_DENIED)
402.379.949: End: 5/14/2015 12:14 PM 10.530s

========================================================================
402.534.948: Begin: 5/14/2015 8:12 PM 54.717s
402.539.0: taskhostw.exe
402.543.0: GMT - 4.00
2005.228.0: certca.dll: 10.0.10074.0 retail
2005.228.0: certenroll.dll: 10.0.10074.0 retail
2004.622.0:<2015/5/14, 20:12:54>: 0x80070005 (WIN32: 5 ERROR_ACCESS_DENIED)
402.379.949: End: 5/14/2015 8:12 PM 54.802s

========================================================================
402.534.948: Begin: 5/15/2015 12:47 PM 19.744s
402.539.0: taskhostw.exe
402.543.0: GMT - 4.00
2005.228.0: certca.dll: 10.0.10074.0 retail
2005.228.0: certenroll.dll: 10.0.10074.0 retail
2004.622.0:<2015/5/15, 12:47:19>: 0x80070005 (WIN32: 5 ERROR_ACCESS_DENIED)
402.379.949: End: 5/15/2015 12:47 PM 19.744s

========================================================================
402.534.948: Begin: 5/15/2015 12:56 PM 56.079s
402.539.0: taskhostw.exe
402.543.0: GMT - 4.00
2005.228.0: certca.dll: 10.0.10074.0 retail
2005.228.0: certenroll.dll: 10.0.10074.0 retail
2004.622.0:<2015/5/15, 12:56:56>: 0x80070005 (WIN32: 5 ERROR_ACCESS_DENIED)
402.379.949: End: 5/15/2015 12:56 PM 56.251s

========================================================================
402.534.948: Begin: 5/15/2015 8:55 PM 49.844s
402.539.0: taskhostw.exe
402.543.0: GMT - 4.00
2005.228.0: certca.dll: 10.0.10074.0 retail
2005.228.0: certenroll.dll: 10.0.10074.0 retail
2004.622.0:<2015/5/15, 20:55:49>: 0x80070005 (WIN32: 5 ERROR_ACCESS_DENIED)
402.379.949: End: 5/15/2015 8:55 PM 49.844s

========================================================================
402.534.948: Begin: 5/16/2015 1:37 PM 59.471s
402.539.0: taskhostw.exe
402.543.0: GMT - 4.00
2005.228.0: certca.dll: 10.0.10074.0 retail
2005.228.0: certenroll.dll: 10.0.10074.0 retail
2004.622.0:<2015/5/16, 13:37:59>: 0x80070005 (WIN32: 5 ERROR_ACCESS_DENIED)
402.379.949: End: 5/16/2015 1:37 PM 59.924s

========================================================================
402.534.948: Begin: 5/16/2015 9:37 PM 22.789s
402.539.0: taskhostw.exe
402.543.0: GMT - 4.00
2005.228.0: certca.dll: 10.0.10074.0 retail
2005.228.0: certenroll.dll: 10.0.10074.0 retail
2004.622.0:<2015/5/16, 21:37:22>: 0x80070005 (WIN32: 5 ERROR_ACCESS_DENIED)
402.379.949: End: 5/16/2015 9:37 PM 22.851s

========================================================================
402.534.948: Begin: 5/17/2015 12:57 PM 15.723s
402.539.0: taskhostw.exe
402.543.0: GMT - 4.00
2005.228.0: certca.dll: 10.0.10074.0 retail
2005.228.0: certenroll.dll: 10.0.10074.0 retail
2004.622.0:<2015/5/17, 12:57:17>: 0x80070005 (WIN32: 5 ERROR_ACCESS_DENIED)
402.379.949: End: 5/17/2015 12:57 PM 18.683s

========================================================================
402.534.948: Begin: 5/17/2015 8:57 PM 04.674s
402.539.0: taskhostw.exe
402.543.0: GMT - 4.00
2005.228.0: certca.dll: 10.0.10074.0 retail
2005.228.0: certenroll.dll: 10.0.10074.0 retail
2004.622.0:<2015/5/17, 20:57:04>: 0x80070005 (WIN32: 5 ERROR_ACCESS_DENIED)
402.379.949: End: 5/17/2015 8:57 PM 04.711s

========================================================================
402.534.948: Begin: 5/18/2015 4:57 AM 05.654s
402.539.0: taskhostw.exe
402.543.0: GMT - 4.00
2005.228.0: certca.dll: 10.0.10074.0 retail
2005.228.0: certenroll.dll: 10.0.10074.0 retail
2004.622.0:<2015/5/18, 4:57:05>: 0x80070005 (WIN32: 5 ERROR_ACCESS_DENIED)
402.379.949: End: 5/18/2015 4:57 AM 05.654s

========================================================================
402.534.948: Begin: 5/18/2015 12:57 PM 06.642s
402.539.0: taskhostw.exe
402.543.0: GMT - 4.00
2005.228.0: certca.dll: 10.0.10074.0 retail
2005.228.0: certenroll.dll: 10.0.10074.0 retail
2004.622.0:<2015/5/18, 12:57:06>: 0x80070005 (WIN32: 5 ERROR_ACCESS_DENIED)
402.379.949: End: 5/18/2015 12:57 PM 06.642s

========================================================================
402.534.948: Begin: 5/18/2015 8:57 PM 07.845s
402.539.0: taskhostw.exe
402.543.0: GMT - 4.00
2005.228.0: certca.dll: 10.0.10074.0 retail
2005.228.0: certenroll.dll: 10.0.10074.0 retail
2004.622.0:<2015/5/18, 20:57:07>: 0x80070005 (WIN32: 5 ERROR_ACCESS_DENIED)
402.379.949: End: 5/18/2015 8:57 PM 08.074s

========================================================================
402.534.948: Begin: 5/19/2015 4:57 AM 08.569s
402.539.0: taskhostw.exe
402.543.0: GMT - 4.00
2005.228.0: certca.dll: 10.0.10074.0 retail
2005.228.0: certenroll.dll: 10.0.10074.0 retail
2004.622.0:<2015/5/19, 4:57:08>: 0x80070005 (WIN32: 5 ERROR_ACCESS_DENIED)
402.379.949: End: 5/19/2015 4:57 AM 08.679s

========================================================================
402.534.948: Begin: 5/19/2015 12:57 PM 09.573s
402.539.0: taskhostw.exe
402.543.0: GMT - 4.00
2005.228.0: certca.dll: 10.0.10074.0 retail
2005.228.0: certenroll.dll: 10.0.10074.0 retail
2004.622.0:<2015/5/19, 12:57:09>: 0x80070005 (WIN32: 5 ERROR_ACCESS_DENIED)
402.379.949: End: 5/19/2015 12:57 PM 09.576s

========================================================================
402.534.948: Begin: 5/19/2015 8:57 PM 10.604s
402.539.0: taskhostw.exe
402.543.0: GMT - 4.00
2005.228.0: certca.dll: 10.0.10074.0 retail
2005.228.0: certenroll.dll: 10.0.10074.0 retail
2004.622.0:<2015/5/19, 20:57:10>: 0x80070005 (WIN32: 5 ERROR_ACCESS_DENIED)
402.379.949: End: 5/19/2015 8:57 PM 10.607s

========================================================================
402.534.948: Begin: 5/20/2015 4:57 AM 11.593s
402.539.0: taskhostw.exe
402.543.0: GMT - 4.00
2005.228.0: certca.dll: 10.0.10074.0 retail
2005.228.0: certenroll.dll: 10.0.10074.0 retail
2004.622.0:<2015/5/20, 4:57:11>: 0x80070005 (WIN32: 5 ERROR_ACCESS_DENIED)
402.379.949: End: 5/20/2015 4:57 AM 11.593s

========================================================================
402.534.948: Begin: 5/20/2015 12:57 PM 12.867s
402.539.0: taskhostw.exe
402.543.0: GMT - 4.00
2005.228.0: certca.dll: 10.0.10074.0 retail
2005.228.0: certenroll.dll: 10.0.10074.0 retail
2004.622.0:<2015/5/20, 12:57:12>: 0x80070005 (WIN32: 5 ERROR_ACCESS_DENIED)
402.379.949: End: 5/20/2015 12:57 PM 13.009s

========================================================================
402.534.948: Begin: 5/20/2015 8:57 PM 13.713s
402.539.0: taskhostw.exe
402.543.0: GMT - 4.00
2005.228.0: certca.dll: 10.0.10074.0 retail
2005.228.0: certenroll.dll: 10.0.10074.0 retail
2004.622.0:<2015/5/20, 20:57:13>: 0x80070005 (WIN32: 5 ERROR_ACCESS_DENIED)
402.379.949: End: 5/20/2015 8:57 PM 13.863s

========================================================================
402.534.948: Begin: 5/21/2015 4:57 AM 14.614s
402.539.0: taskhostw.exe
402.543.0: GMT - 4.00
2005.228.0: certca.dll: 10.0.10074.0 retail
2005.228.0: certenroll.dll: 10.0.10074.0 retail
2004.622.0:<2015/5/21, 4:57:14>: 0x80070005 (WIN32: 5 ERROR_ACCESS_DENIED)
402.379.949: End: 5/21/2015 4:57 AM 14.614s

========================================================================
402.534.948: Begin: 5/21/2015 12:57 PM 15.681s
402.539.0: taskhostw.exe
402.543.0: GMT - 4.00
2005.228.0: certca.dll: 10.0.10074.0 retail
2005.228.0: certenroll.dll: 10.0.10074.0 retail
2004.622.0:<2015/5/21, 12:57:15>: 0x80070005 (WIN32: 5 ERROR_ACCESS_DENIED)
402.379.949: End: 5/21/2015 12:57 PM 15.728s

========================================================================
402.534.948: Begin: 5/21/2015 8:57 PM 16.932s
402.539.0: taskhostw.exe
402.543.0: GMT - 4.00
2005.228.0: certca.dll: 10.0.10074.0 retail
2005.228.0: certenroll.dll: 10.0.10074.0 retail
2004.622.0:<2015/5/21, 20:57:16>: 0x80070005 (WIN32: 5 ERROR_ACCESS_DENIED)
402.379.949: End: 5/21/2015 8:57 PM 17.043s

========================================================================
402.534.948: Begin: 5/22/2015 11:49 AM 29.826s
402.539.0: taskhostw.exe
402.543.0: GMT - 4.00
2005.228.0: certca.dll: 10.0.10074.0 retail
2005.228.0: certenroll.dll: 10.0.10074.0 retail
2004.622.0:<2015/5/22, 11:49:30>: 0x80070005 (WIN32: 5 ERROR_ACCESS_DENIED)
402.379.949: End: 5/22/2015 11:49 AM 30.438s

========================================================================
402.534.948: Begin: 5/22/2015 11:57 AM 58.844s
402.539.0: taskhostw.exe
402.543.0: GMT - 4.00
2005.228.0: certca.dll: 10.0.10074.0 retail
2005.228.0: certenroll.dll: 10.0.10074.0 retail
2004.622.0:<2015/5/22, 11:58:02>: 0x80070005 (WIN32: 5 ERROR_ACCESS_DENIED)
402.379.949: End: 5/22/2015 11:58 AM 05.470s

========================================================================
402.534.948: Begin: 5/22/2015 9:12 PM 49.377s
402.539.0: taskhostw.exe
402.543.0: GMT - 4.00
2005.228.0: certca.dll: 10.0.10074.0 retail
2005.228.0: certenroll.dll: 10.0.10074.0 retail
2004.622.0:<2015/5/22, 21:12:49>: 0x80070005 (WIN32: 5 ERROR_ACCESS_DENIED)
402.379.949: End: 5/22/2015 9:12 PM 49.381s

========================================================================
402.534.948: Begin: 5/23/2015 9:23 AM 20.372s
402.539.0: taskhostw.exe
402.543.0: GMT - 4.00
2005.228.0: certca.dll: 10.0.10074.0 retail
2005.228.0: certenroll.dll: 10.0.10074.0 retail
2004.622.0:<2015/5/23, 9:23:20>: 0x80070005 (WIN32: 5 ERROR_ACCESS_DENIED)
402.379.949: End: 5/23/2015 9:23 AM 20.856s

========================================================================
402.534.948: Begin: 5/23/2015 5:25 PM 17.234s
402.539.0: taskhostw.exe
402.543.0: GMT - 4.00
2005.228.0: certca.dll: 10.0.10074.0 retail
2005.228.0: certenroll.dll: 10.0.10074.0 retail
2004.622.0:<2015/5/23, 17:25:18>: 0x80070005 (WIN32: 5 ERROR_ACCESS_DENIED)
402.379.949: End: 5/23/2015 5:25 PM 18.770s

========================================================================
402.534.948: Begin: 5/25/2015 6:28 PM 29.423s
402.539.0: taskhostw.exe
402.543.0: GMT - 4.00
2005.228.0: certca.dll: 10.0.10074.0 retail
2005.228.0: certenroll.dll: 10.0.10074.0 retail
2004.622.0:<2015/5/25, 18:28:29>: 0x80070005 (WIN32: 5 ERROR_ACCESS_DENIED)
402.379.949: End: 5/25/2015 6:28 PM 29.695s

========================================================================
402.534.948: Begin: 5/26/2015 2:28 AM 25.631s
402.539.0: taskhostw.exe
402.543.0: GMT - 4.00
2005.228.0: certca.dll: 10.0.10074.0 retail
2005.228.0: certenroll.dll: 10.0.10074.0 retail
2004.622.0:<2015/5/26, 2:28:25>: 0x80070005 (WIN32: 5 ERROR_ACCESS_DENIED)
402.379.949: End: 5/26/2015 2:28 AM 25.631s

========================================================================
402.534.948: Begin: 5/26/2015 4:32 PM 56.198s
402.539.0: taskhostw.exe
402.543.0: GMT - 4.00
2005.228.0: certca.dll: 10.0.10074.0 retail
2005.228.0: certenroll.dll: 10.0.10074.0 retail
2004.622.0:<2015/5/26, 16:32:56>: 0x80070005 (WIN32: 5 ERROR_ACCESS_DENIED)
402.379.949: End: 5/26/2015 4:32 PM 56.248s

========================================================================
402.534.948: Begin: 5/28/2015 6:26 AM 19.274s
402.539.0: taskhostw.exe
402.543.0: GMT - 4.00
2005.228.0: certca.dll: 10.0.10074.0 retail
2005.228.0: certenroll.dll: 10.0.10074.0 retail
2004.622.0:<2015/5/28, 6:26:19>: 0x80070005 (WIN32: 5 ERROR_ACCESS_DENIED)
402.379.949: End: 5/28/2015 6:26 AM 20.263s

========================================================================
402.534.948: Begin: 5/28/2015 4:50 PM 51.805s
402.539.0: taskhostw.exe
402.543.0: GMT - 4.00
2005.228.0: certca.dll: 10.0.10074.0 retail
2005.228.0: certenroll.dll: 10.0.10074.0 retail
2004.622.0:<2015/5/28, 16:50:51>: 0x80070005 (WIN32: 5 ERROR_ACCESS_DENIED)
402.379.949: End: 5/28/2015 4:50 PM 51.836s

========================================================================
402.534.948: Begin: 5/30/2015 8:03 PM 14.658s
402.539.0: taskhostw.exe
402.543.0: GMT - 4.00
2005.228.0: certca.dll: 10.0.10074.0 retail
2005.228.0: certenroll.dll: 10.0.10074.0 retail
2004.622.0:<2015/5/30, 20:03:14>: 0x80070005 (WIN32: 5 ERROR_ACCESS_DENIED)
402.379.949: End: 5/30/2015 8:03 PM 14.663s

========================================================================
402.534.948: Begin: 6/15/2015 7:24 AM 46.602s
402.539.0: taskhostw.exe
402.543.0: GMT - 4.00
2005.228.0: certca.dll: 10.0.10074.0 retail
2005.228.0: certenroll.dll: 10.0.10074.0 retail
2004.622.0:<2015/6/15, 7:25:45>: 0x80070005 (WIN32: 5 ERROR_ACCESS_DENIED)
402.379.949: End: 6/15/2015 7:25 AM 46.165s

========================================================================
402.534.948: Begin: 6/15/2015 7:41 AM 41.059s
402.539.0: taskhostw.exe
402.543.0: GMT - 4.00
2005.228.0: certca.dll: 10.0.10074.0 retail
2005.228.0: certenroll.dll: 10.0.10074.0 retail
2004.622.0:<2015/6/15, 7:42:33>: 0x80070005 (WIN32: 5 ERROR_ACCESS_DENIED)
402.379.949: End: 6/15/2015 7:42 AM 40.069s

========================================================================
402.534.948: Begin: 6/16/2015 6:02 AM 36.618s
402.539.0: taskhostw.exe
402.543.0: GMT - 4.00
2005.228.0: certca.dll: 10.0.10074.0 retail
2005.228.0: certenroll.dll: 10.0.10074.0 retail
2004.622.0:<2015/6/16, 6:02:36>: 0x80070005 (WIN32: 5 ERROR_ACCESS_DENIED)
402.379.949: End: 6/16/2015 6:02 AM 36.622s

========================================================================
402.534.948: Begin: 6/16/2015 10:07 PM 13.374s
402.539.0: taskhostw.exe
402.543.0: GMT - 4.00
2005.228.0: certca.dll: 10.0.10074.0 retail
2005.228.0: certenroll.dll: 10.0.10074.0 retail
2004.622.0:<2015/6/16, 22:07:13>: 0x80070005 (WIN32: 5 ERROR_ACCESS_DENIED)
402.379.949: End: 6/16/2015 10:07 PM 13.378s

========================================================================
402.534.948: Begin: 6/17/2015 6:07 AM 12.670s
402.539.0: taskhostw.exe
402.543.0: GMT - 4.00
2005.228.0: certca.dll: 10.0.10074.0 retail
2005.228.0: certenroll.dll: 10.0.10074.0 retail
2004.622.0:<2015/6/17, 6:07:12>: 0x80070005 (WIN32: 5 ERROR_ACCESS_DENIED)
402.379.949: End: 6/17/2015 6:07 AM 12.670s

========================================================================
402.534.948: Begin: 6/17/2015 8:46 PM 23.564s
402.539.0: taskhostw.exe
402.543.0: GMT - 4.00
2005.228.0: certca.dll: 10.0.10074.0 retail
2005.228.0: certenroll.dll: 10.0.10074.0 retail
2004.622.0:<2015/6/17, 20:46:23>: 0x80070005 (WIN32: 5 ERROR_ACCESS_DENIED)
402.379.949: End: 6/17/2015 8:46 PM 23.564s

========================================================================
402.534.948: Begin: 6/17/2015 10:14 PM 01.497s
402.539.0: taskhostw.exe
402.543.0: GMT - 4.00
2005.228.0: certca.dll: 10.0.10074.0 retail
2005.228.0: certenroll.dll: 10.0.10074.0 retail
2004.622.0:<2015/6/17, 22:14:56>: 0x80070005 (WIN32: 5 ERROR_ACCESS_DENIED)
402.379.949: End: 6/17/2015 10:15 PM 00.091s
